2024-06-30 12:01:36,748 INFO o.s.b.StartupInfoLogger [main] Starting LoggingApplication using Java 21.0.3 with PID 14904 (D:\Da cancellare\LocalRepo-MatteoSolinas\Spring Boot\logging\target\classes started by kirad in D:\Da cancellare\LocalRepo-MatteoSolinas\Spring Boot\logging)
2024-06-30 12:01:36,751 DEBUG o.s.b.StartupInfoLogger [main] Running with Spring Boot v3.3.0, Spring v6.1.8
2024-06-30 12:01:36,752 INFO o.s.b.SpringApplication [main] No active profile set, falling back to 1 default profile: "default"
2024-06-30 12:01:37,681 INFO o.s.b.w.e.t.TomcatWebServer [main] Tomcat initialized with port 8080 (http)
2024-06-30 12:01:37,692 INFO o.a.j.l.DirectJDKLog [main] Initializing ProtocolHandler ["http-nio-8080"]
2024-06-30 12:01:37,694 INFO o.a.j.l.DirectJDKLog [main] Starting service [Tomcat]
2024-06-30 12:01:37,694 INFO o.a.j.l.DirectJDKLog [main] Starting Servlet engine: [Apache Tomcat/10.1.24]
2024-06-30 12:01:37,849 INFO o.a.j.l.DirectJDKLog [main] Initializing Spring embedded WebApplicationContext
2024-06-30 12:01:37,851 INFO o.s.b.w.s.c.ServletWebServerApplicationContext [main] Root WebApplicationContext: initialization completed in 1055 ms
2024-06-30 12:01:38,153 INFO o.a.j.l.DirectJDKLog [main] Starting ProtocolHandler ["http-nio-8080"]
2024-06-30 12:01:38,179 INFO o.s.b.w.e.t.TomcatWebServer [main] Tomcat started on port 8080 (http) with context path '/'
2024-06-30 12:01:38,189 INFO o.s.b.StartupInfoLogger [main] Started LoggingApplication in 2.042 seconds (process running for 3.368)
2024-06-30 12:01:49,022 INFO o.a.j.l.DirectJDKLog [http-nio-8080-exec-2] Initializing Spring DispatcherServlet 'dispatcherServlet'
2024-06-30 12:01:49,022 INFO o.s.w.s.FrameworkServlet [http-nio-8080-exec-2] Initializing Servlet 'dispatcherServlet'
2024-06-30 12:01:49,030 INFO o.s.w.s.FrameworkServlet [http-nio-8080-exec-2] Completed initialization in 8 ms
2024-06-30 12:01:49,119 INFO c.e.l.c.BasicController [http-nio-8080-exec-2] Welcome!
2024-06-30 12:02:32,567 DEBUG c.e.l.s.BasicService [http-nio-8080-exec-4] Start power calculation
2024-06-30 12:02:32,568 DEBUG c.e.l.s.BasicService [http-nio-8080-exec-4] Calculating 2 raised to the power of 8.
2024-06-30 12:02:32,569 DEBUG c.e.l.s.BasicService [http-nio-8080-exec-4] Calculation complete.
2024-06-30 12:02:32,569 DEBUG c.e.l.s.BasicService [http-nio-8080-exec-4] The result of 2^8 is 256.0
